#
# A fatal error has been detected by the Java Runtime Environment:
#
#  SIGSEGV (0xb) at pc=0x00000001033e0fd0, pid=16959, tid=3843
#
# JRE version: OpenJDK Runtime Environment Zulu16.30+19-CA (16.0.1+9) (build 16.0.1+9)
# Java VM: OpenJDK 64-Bit Server VM Zulu16.30+19-CA (16.0.1+9, mixed mode, tiered, compressed oops, compressed class ptrs, g1 gc, bsd-aarch64)
# Problematic frame:
# C  [rsession-arm64+0x868fd0]  _ZN13rstudio_boost4asio12placeholders17bytes_transferredEv+0x16ff6c
#
# No core dump will be written. Core dumps have been disabled. To enable core dumping, try "ulimit -c unlimited" before starting Java again
#
# If you would like to submit a bug report, please visit:
#   http://www.azulsystems.com/support/
#

---------------  S U M M A R Y ------------

Command Line: -Djava.awt.headless=true -Xmx768m -Dfile.encoding=UTF-8 -Xrs vfprintf exit -Xss2m 

Host: MacBookAir10,1 arm64 1 MHz, 8 cores, 8G, Darwin 20.5.0, macOS 11.4 (20F71)
Time: Mon Aug  2 18:51:05 2021 JST elapsed time: 5075.819102 seconds (0d 1h 24m 35s)

---------------  T H R E A D  ---------------

Current thread is native thread

Stack: [0x000000016d430000,0x000000016d4b3000],  sp=0x000000016d4b2c30,  free space=523k
Native frames: (J=compiled Java code, A=aot compiled Java code, j=interpreted, Vv=VM code, C=native code)
C  [rsession-arm64+0x868fd0]  _ZN13rstudio_boost4asio12placeholders17bytes_transferredEv+0x16ff6c
C  [rsession-arm64+0x8689b4]  _ZN13rstudio_boost4asio12placeholders17bytes_transferredEv+0x16f950
C  [rsession-arm64+0x86850c]  _ZN13rstudio_boost4asio12placeholders17bytes_transferredEv+0x16f4a8
C  [rsession-arm64+0x8ac8d0]  _ZN13rstudio_boost4asio6detail24descriptor_write_op_baseINS0_15const_buffers_1EE10do_performEPNS1_10reactor_opE+0x5c60
C  [rsession-arm64+0x864384]  _ZN13rstudio_boost4asio12placeholders17bytes_transferredEv+0x16b320
C  [rsession-arm64+0x9c4334]  _ZN13rstudio_boost4asio6detail24descriptor_write_op_baseINS0_15const_buffers_1EE10do_performEPNS1_10reactor_opE+0x11d6c4
C  [libsystem_pthread.dylib+0x7878]  _pthread_start+0x140


siginfo: si_signo: 11 (SIGSEGV), si_code: 2 (SEGV_ACCERR), si_addr: 0x60000000000008f7

Registers:
 x0=0x6000000000000800  x1=0x0000000113746a34  x2=0x0000000000000000  x3=0x00000001100cf6d4
 x4=0x0000000000000000  x5=0x0000000000000000  x6=0x0000000000000034  x7=0x0000000113746a10
 x8=0x6000000000000000  x9=0x0000000000000008 x10=0x0000000000000000 x11=0x00000000007a8048
x12=0x00000000007a8048 x13=0x00000000ffffffff x14=0x000000000000cb63 x15=0x0000000000007567
x16=0x000000019dbda940 x17=0x000000020c4e37b0 x18=0x0000000000000000 x19=0x6000000000000800
x20=0x000000016d4b2d38 x21=0x000000011292d300 x22=0x000000010389ece0 x23=0x000000011292d000
x24=0x0000000000000003 x25=0x0000000000000000 x26=0x000000000003d090 x27=0x0000000000000000
x28=0x000000010389e000  fp=0x000000016d4b2c40  lr=0x00000001033e09b4  sp=0x000000016d4b2c30
pc=0x00000001033e0fd0 cpsr=0x0000000060001000
Top of Stack: (sp=0x000000016d4b2c30)
0x000000016d4b2c30:   000000016d4b2d38 0000000130708150
0x000000016d4b2c40:   000000016d4b2cd0 00000001033e09b4
0x000000016d4b2c50:   000000016d4b2d78 000000016d4b2f48
0x000000016d4b2c60:   000000016d4b2d40 000000016d4b2d18
0x000000016d4b2c70:   000000016d4b2cd0 b11e8001033e01e4
0x000000016d4b2c80:   000000010acb8fb0 0000000000000020
0x000000016d4b2c90:   000000016d4b2cb0 0000000130708150
0x000000016d4b2ca0:   0000000000000000 0000000000000000
0x000000016d4b2cb0:   000000016d4b2d78 000000016d4b2f48
0x000000016d4b2cc0:   000000016d4b2d40 000000016d4b2d38
0x000000016d4b2cd0:   000000016d4b2e90 00000001033e050c
0x000000016d4b2ce0:   000000016d4b2d78 000000016d4b2e18
0x000000016d4b2cf0:   000000016d4b2d58 0000000000000000
0x000000016d4b2d00:   0000000000000000 0000000000000005
0x000000016d4b2d10:   0000000104517c08 000000000003d090
0x000000016d4b2d20:   000000016d4b30e0 000000010acb8fb0
0x000000016d4b2d30:   000000010acd3820 0000000000000002
0x000000016d4b2d40:   000000011377c2d0 000000010ac59f40
0x000000016d4b2d50:   000000010450c008 0000000000000000
0x000000016d4b2d60:   000000016d4b2de0 983780019d9b6c58
0x000000016d4b2d70:   b247b7931dfe00a7 0000000000000000
0x000000016d4b2d80:   0000000000000000 000000001dfe00a7
0x000000016d4b2d90:   0000000000000003 0000000000000000
0x000000016d4b2da0:   0000000000000000 0000000000000003
0x000000016d4b2db0:   0000000000000000 0000000000000000
0x000000016d4b2dc0:   0000000000000000 00000001310235e0
0x000000016d4b2dd0:   0000000131024920 0000000000000000
0x000000016d4b2de0:   000000016d4b2e90 056c80019dc8c678
0x000000016d4b2df0:   0000000208eec8c0 0000000000000000
0x000000016d4b2e00:   000000016d4b2e30 981200019dc0f498
0x000000016d4b2e10:   0000000000000004 00000001100cf6b0
0x000000016d4b2e20:   0000000000000024 8000000000000030 

Instructions: (pc=0x00000001033e0fd0)
0x00000001033e0ed0:   d10103ff a9024ff4 a9037bfd 9100c3fd
0x00000001033e0ee0:   aa0003f3 f90003ff f9400028 b40001e8
0x00000001033e0ef0:   f90003e8 37000128 927ff908 f9400108
0x00000001033e0f00:   91002020 910003e9 91002121 52800002
0x00000001033e0f10:   d63f0100 14000005 3cc08020 f9400c28
0x00000001033e0f20:   f9000fe8 3c8083e0 910003e0 aa1303e1
0x00000001033e0f30:   97e97de0 f94003e8 b4000168 37000128
0x00000001033e0f40:   927ff908 f9400108 b40000c8 910003e9
0x00000001033e0f50:   91002120 aa0003e1 52800042 d63f0100
0x00000001033e0f60:   f90003ff aa1303e0 a9437bfd a9424ff4
0x00000001033e0f70:   910103ff d65f03c0 97de8495 aa0003f3
0x00000001033e0f80:   f94003e8 b4000168 37000128 927ff908
0x00000001033e0f90:   f9400108 b40000c8 910003e9 91002120
0x00000001033e0fa0:   aa0003e1 52800042 d63f0100 f90003ff
0x00000001033e0fb0:   aa1303e0 9408e3e0 d4200020 97de8484
0x00000001033e0fc0:   a9be4ff4 a9017bfd 910043fd aa0003f3
0x00000001033e0fd0:   39c3dc08 36f80068 f9407260 9408e62b
0x00000001033e0fe0:   91010260 97e5d872 f9401268 b4000148
0x00000001033e0ff0:   37000108 927ff908 f9400108 b40000a8
0x00000001033e1000:   9100a260 aa0003e1 52800042 d63f0100
0x00000001033e1010:   f900127f f9400a73 b40000b3 91002268
0x00000001033e1020:   92800009 f8e90108 b4000088 a9417bfd
0x00000001033e1030:   a8c24ff4 d65f03c0 f9400268 f9400908
0x00000001033e1040:   aa1303e0 d63f0100 aa1303e0 a9417bfd
0x00000001033e1050:   a8c24ff4 1408e574 97de845d d10203ff
0x00000001033e1060:   a90557f6 a9064ff4 a9077bfd 9101c3fd
0x00000001033e1070:   aa0103f5 aa0003f3 f9400414 aa1403e0
0x00000001033e1080:   97decc91 a942a668 eb08012a d37ced4a
0x00000001033e1090:   d100054a 9a8a03eb a944326a 8b0a018a
0x00000001033e10a0:   eb0a017f 540000c1 91008260 94000186
0x00000001033e10b0:   a9442a6b a942a668 8b0a016a eb08013f
0x00000001033e10c0:   540000e0 d344fd49 927de129 f8696908 



---------------  P R O C E S S  ---------------

VM state: not at safepoint (normal execution)

VM Mutex/Monitor currently owned by a thread: None

Heap address: 0x0000000790000000, size: 768 MB, Compressed Oops mode: Zero based, Oop shift amount: 3

